#-----------------------------------------------------------
# xsim v2022.2 (64-bit)
# SW Build 3671981 on Fri Oct 14 05:00:03 MDT 2022
# IP Build 3669848 on Fri Oct 14 08:30:02 MDT 2022
# Start of session at: Fri Apr  3 14:25:22 2026
# Process ID: 16432
# Current directory: E:/FINAL_HMH_KLTN_10_HMH/HMH_KLTN_10_KAITOKID/HW_KLTN_10/stage_5_data_movement
# Command line: xsim.exe -log sim_wg.log -mode tcl -source {xsim.dir/sim_wg/xsim_script.tcl}
# Log file: E:/FINAL_HMH_KLTN_10_HMH/HMH_KLTN_10_KAITOKID/HW_KLTN_10/stage_5_data_movement/sim_wg.log
# Journal file: E:/FINAL_HMH_KLTN_10_HMH/HMH_KLTN_10_KAITOKID/HW_KLTN_10/stage_5_data_movement\xsim.jou
# Running On: DESKTOP-BIO81U9, OS: Windows, CPU Frequency: 2592 MHz, CPU Physical cores: 6, Host memory: 8403 MB
#-----------------------------------------------------------
source xsim.dir/sim_wg/xsim_script.tcl
# xsim {sim_wg} -autoloadwcfg -runall
Time resolution is 1 ps
run -all
===========================================================
 tb_window_gen — START
===========================================================

--- T5.2.1: K=3 (Conv 3x3) ---

--- T5.2.2: K=5 (MaxPool) ---

--- T5.2.3: K=7 (DW 7x7) ---

--- T5.2.4: K=1 (Conv 1x1) ---

--- T5.2.5: Flush + refill ---

===========================================================
 tb_window_gen — RESULTS
   Total : 32
   PASS  : 32
   FAIL  : 0
   >>> ALL TESTS PASSED <<<
===========================================================
$finish called at time : 287 ns : File "E:/FINAL_HMH_KLTN_10_HMH/HMH_KLTN_10_KAITOKID/HW_KLTN_10/stage_5_data_movement/tb/tb_window_gen.sv" Line 366
exit
INFO: [Common 17-206] Exiting xsim at Fri Apr  3 14:25:24 2026...
