#-----------------------------------------------------------
# xsim v2022.2 (64-bit)
# SW Build 3671981 on Fri Oct 14 05:00:03 MDT 2022
# IP Build 3669848 on Fri Oct 14 08:30:02 MDT 2022
# Start of session at: Fri Apr  3 14:32:01 2026
# Process ID: 16020
# Current directory: E:/FINAL_HMH_KLTN_10_HMH/HMH_KLTN_10_KAITOKID/HW_KLTN_10/stage_5_data_movement
# Command line: xsim.exe -log sim_swz.log -mode tcl -source {xsim.dir/sim_swz/xsim_script.tcl}
# Log file: E:/FINAL_HMH_KLTN_10_HMH/HMH_KLTN_10_KAITOKID/HW_KLTN_10/stage_5_data_movement/sim_swz.log
# Journal file: E:/FINAL_HMH_KLTN_10_HMH/HMH_KLTN_10_KAITOKID/HW_KLTN_10/stage_5_data_movement\xsim.jou
# Running On: DESKTOP-BIO81U9, OS: Windows, CPU Frequency: 2592 MHz, CPU Physical cores: 6, Host memory: 8403 MB
#-----------------------------------------------------------
source xsim.dir/sim_swz/xsim_script.tcl
# xsim {sim_swz} -autoloadwcfg -runall
Time resolution is 1 ps
run -all
===========================================================
 tb_swizzle_engine — START
===========================================================

--- T5.3.1: SWZ_UPSAMPLE2X ---

--- T5.3.2: SWZ_CONCAT ---

--- T5.3.3: SWZ_NORMAL ---

===========================================================
 tb_swizzle_engine — RESULTS
   Total : 9
   PASS  : 9
   FAIL  : 0
   >>> ALL TESTS PASSED <<<
===========================================================
$finish called at time : 194 ns : File "E:/FINAL_HMH_KLTN_10_HMH/HMH_KLTN_10_KAITOKID/HW_KLTN_10/stage_5_data_movement/tb/tb_swizzle_engine.sv" Line 345
exit
INFO: [Common 17-206] Exiting xsim at Fri Apr  3 14:32:03 2026...
