#-----------------------------------------------------------
# xsim v2022.2 (64-bit)
# SW Build 3671981 on Fri Oct 14 05:00:03 MDT 2022
# IP Build 3669848 on Fri Oct 14 08:30:02 MDT 2022
# Start of session at: Fri Apr  3 14:25:12 2026
# Process ID: 27808
# Current directory: E:/FINAL_HMH_KLTN_10_HMH/HMH_KLTN_10_KAITOKID/HW_KLTN_10/stage_5_data_movement
# Command line: xsim.exe -log sim_rcv2.log -mode tcl -source {xsim.dir/sim_rcv2/xsim_script.tcl}
# Log file: E:/FINAL_HMH_KLTN_10_HMH/HMH_KLTN_10_KAITOKID/HW_KLTN_10/stage_5_data_movement/sim_rcv2.log
# Journal file: E:/FINAL_HMH_KLTN_10_HMH/HMH_KLTN_10_KAITOKID/HW_KLTN_10/stage_5_data_movement\xsim.jou
# Running On: DESKTOP-BIO81U9, OS: Windows, CPU Frequency: 2592 MHz, CPU Physical cores: 6, Host memory: 8403 MB
#-----------------------------------------------------------
source xsim.dir/sim_rcv2/xsim_script.tcl
# xsim {sim_rcv2} -autoloadwcfg -runall
Time resolution is 1 ps
run -all
===========================================================
 tb_router_cluster_v2 — START
===========================================================

--- T5.1.1: RIN multicast (RS3) ---

--- T5.1.2: RWT per-column weight ---

--- T5.1.3: Bypass path ---

--- T5.1.4: Mode switching ---

===========================================================
 tb_router_cluster_v2 — RESULTS
   Total : 15
   PASS  : 15
   FAIL  : 0
   >>> ALL TESTS PASSED <<<
===========================================================
$finish called at time : 55 ns : File "E:/FINAL_HMH_KLTN_10_HMH/HMH_KLTN_10_KAITOKID/HW_KLTN_10/stage_5_data_movement/tb/tb_router_cluster_v2.sv" Line 358
exit
INFO: [Common 17-206] Exiting xsim at Fri Apr  3 14:25:15 2026...
