#-----------------------------------------------------------
# xsim v2022.2 (64-bit)
# SW Build 3671981 on Fri Oct 14 05:00:03 MDT 2022
# IP Build 3669848 on Fri Oct 14 08:30:02 MDT 2022
# Start of session at: Fri Apr  3 14:08:27 2026
# Process ID: 23616
# Current directory: E:/FINAL_HMH_KLTN_10_HMH/HMH_KLTN_10_KAITOKID/HW_KLTN_10/stage_3_memory
# Command line: xsim.exe -log sim_meta.log -mode tcl -source {xsim.dir/sim_meta/xsim_script.tcl}
# Log file: E:/FINAL_HMH_KLTN_10_HMH/HMH_KLTN_10_KAITOKID/HW_KLTN_10/stage_3_memory/sim_meta.log
# Journal file: E:/FINAL_HMH_KLTN_10_HMH/HMH_KLTN_10_KAITOKID/HW_KLTN_10/stage_3_memory\xsim.jou
# Running On: DESKTOP-BIO81U9, OS: Windows, CPU Frequency: 2592 MHz, CPU Physical cores: 6, Host memory: 8403 MB
#-----------------------------------------------------------
source xsim.dir/sim_meta/xsim_script.tcl
# xsim {sim_meta} -autoloadwcfg -runall
Time resolution is 1 ps
run -all
[PASS] T3.4.1 Set valid -> query -> verify
[PASS] T3.4.2 Ring advance: head/tail/count
[PASS] T3.4.3 Full detection (16 slots)
[PASS] T3.4.4 Clear all -> verify empty
[PASS] T3.4.5 Wrap-around fill/advance/refill

==============================================================
  tb_metadata_ram — 5/5 tests PASSED
  >>> ALL TESTS PASSED <<<
==============================================================
$finish called at time : 882 ns : File "E:/FINAL_HMH_KLTN_10_HMH/HMH_KLTN_10_KAITOKID/HW_KLTN_10/stage_3_memory/tb/tb_metadata_ram.sv" Line 474
exit
INFO: [Common 17-206] Exiting xsim at Fri Apr  3 14:08:28 2026...
