#-----------------------------------------------------------
# xsim v2022.2 (64-bit)
# SW Build 3671981 on Fri Oct 14 05:00:03 MDT 2022
# IP Build 3669848 on Fri Oct 14 08:30:02 MDT 2022
# Start of session at: Fri Apr  3 14:13:26 2026
# Process ID: 27420
# Current directory: E:/FINAL_HMH_KLTN_10_HMH/HMH_KLTN_10_KAITOKID/HW_KLTN_10/stage_3_memory
# Command line: xsim.exe -log sim_gwb.log -mode tcl -source {xsim.dir/sim_gwb/xsim_script.tcl}
# Log file: E:/FINAL_HMH_KLTN_10_HMH/HMH_KLTN_10_KAITOKID/HW_KLTN_10/stage_3_memory/sim_gwb.log
# Journal file: E:/FINAL_HMH_KLTN_10_HMH/HMH_KLTN_10_KAITOKID/HW_KLTN_10/stage_3_memory\xsim.jou
# Running On: DESKTOP-BIO81U9, OS: Windows, CPU Frequency: 2592 MHz, CPU Physical cores: 6, Host memory: 8403 MB
#-----------------------------------------------------------
source xsim.dir/sim_gwb/xsim_script.tcl
# xsim {sim_gwb} -autoloadwcfg -runall
Time resolution is 1 ps
run -all
[PASS] T3.2.1 Write broadcast -> all ports read same data
[PASS] T3.2.2 Different addresses per port
[PASS] T3.2.3 Simultaneous read+write no interference

==============================================================
  tb_glb_weight_bank — 3/3 tests PASSED
  >>> ALL TESTS PASSED <<<
==============================================================
$finish called at time : 154 ns : File "E:/FINAL_HMH_KLTN_10_HMH/HMH_KLTN_10_KAITOKID/HW_KLTN_10/stage_3_memory/tb/tb_glb_weight_bank.sv" Line 273
exit
INFO: [Common 17-206] Exiting xsim at Fri Apr  3 14:13:28 2026...
