#-----------------------------------------------------------
# xsim v2022.2 (64-bit)
# SW Build 3671981 on Fri Oct 14 05:00:03 MDT 2022
# IP Build 3669848 on Fri Oct 14 08:30:02 MDT 2022
# Start of session at: Fri Apr  3 14:07:58 2026
# Process ID: 17676
# Current directory: E:/FINAL_HMH_KLTN_10_HMH/HMH_KLTN_10_KAITOKID/HW_KLTN_10/stage_3_memory
# Command line: xsim.exe -log sim_gidb.log -mode tcl -source {xsim.dir/sim_gidb/xsim_script.tcl}
# Log file: E:/FINAL_HMH_KLTN_10_HMH/HMH_KLTN_10_KAITOKID/HW_KLTN_10/stage_3_memory/sim_gidb.log
# Journal file: E:/FINAL_HMH_KLTN_10_HMH/HMH_KLTN_10_KAITOKID/HW_KLTN_10/stage_3_memory\xsim.jou
# Running On: DESKTOP-BIO81U9, OS: Windows, CPU Frequency: 2592 MHz, CPU Physical cores: 6, Host memory: 8403 MB
#-----------------------------------------------------------
source xsim.dir/sim_gidb/xsim_script.tcl
# xsim {sim_gidb} -autoloadwcfg -runall
Time resolution is 1 ps
run -all
  T3.1.1 lane 0: exp 10 got x
  T3.1.1 lane 1: exp 11 got x
  T3.1.1 lane 2: exp 12 got x
  T3.1.1 lane 3: exp 13 got x
  T3.1.1 lane 4: exp 14 got x
  T3.1.1 lane 5: exp 15 got x
  T3.1.1 lane 6: exp 16 got x
  T3.1.1 lane 7: exp 17 got x
  T3.1.1 lane 8: exp 18 got x
  T3.1.1 lane 9: exp 19 got x
  T3.1.1 lane 10: exp 20 got x
  T3.1.1 lane 11: exp 21 got x
  T3.1.1 lane 12: exp 22 got x
  T3.1.1 lane 13: exp 23 got x
  T3.1.1 lane 14: exp 24 got x
  T3.1.1 lane 15: exp 25 got x
  T3.1.1 lane 16: exp 26 got x
  T3.1.1 lane 17: exp 27 got x
  T3.1.1 lane 18: exp 28 got x
  T3.1.1 lane 19: exp 29 got x
[FAIL] T3.1.1 Basic write->swap->read
  T3.1.2 page-B lane 0: exp 0xBB got 0xxx
  T3.1.2 page-B lane 1: exp 0xBB got 0xxx
  T3.1.2 page-B lane 2: exp 0xBB got 0xxx
  T3.1.2 page-B lane 3: exp 0xBB got 0xxx
  T3.1.2 page-B lane 4: exp 0xBB got 0xxx
  T3.1.2 page-B lane 5: exp 0xBB got 0xxx
  T3.1.2 page-B lane 6: exp 0xBB got 0xxx
  T3.1.2 page-B lane 7: exp 0xBB got 0xxx
  T3.1.2 page-B lane 8: exp 0xBB got 0xxx
  T3.1.2 page-B lane 9: exp 0xBB got 0xxx
  T3.1.2 page-B lane 10: exp 0xBB got 0xxx
  T3.1.2 page-B lane 11: exp 0xBB got 0xxx
  T3.1.2 page-B lane 12: exp 0xBB got 0xxx
  T3.1.2 page-B lane 13: exp 0xBB got 0xxx
  T3.1.2 page-B lane 14: exp 0xBB got 0xxx
  T3.1.2 page-B lane 15: exp 0xBB got 0xxx
  T3.1.2 page-B lane 16: exp 0xBB got 0xxx
  T3.1.2 page-B lane 17: exp 0xBB got 0xxx
  T3.1.2 page-B lane 18: exp 0xBB got 0xxx
  T3.1.2 page-B lane 19: exp 0xBB got 0xxx
[FAIL] T3.1.2 Double-buffer independence
[PASS] T3.1.3 Concurrent read+write no interference
  T3.1.4 lane 0 (masked): exp 0x77 got 0xxx
  T3.1.4 lane 1 (unmasked): exp 0x11 got 0xxx
  T3.1.4 lane 2 (masked): exp 0x77 got 0xxx
  T3.1.4 lane 3 (unmasked): exp 0x11 got 0xxx
  T3.1.4 lane 4 (masked): exp 0x77 got 0xxx
  T3.1.4 lane 5 (unmasked): exp 0x11 got 0xxx
  T3.1.4 lane 6 (masked): exp 0x77 got 0xxx
  T3.1.4 lane 7 (unmasked): exp 0x11 got 0xxx
  T3.1.4 lane 8 (masked): exp 0x77 got 0xxx
  T3.1.4 lane 9 (unmasked): exp 0x11 got 0xxx
  T3.1.4 lane 10 (masked): exp 0x77 got 0xxx
  T3.1.4 lane 11 (unmasked): exp 0x11 got 0xxx
  T3.1.4 lane 12 (masked): exp 0x77 got 0xxx
  T3.1.4 lane 13 (unmasked): exp 0x11 got 0xxx
  T3.1.4 lane 14 (masked): exp 0x77 got 0xxx
  T3.1.4 lane 15 (unmasked): exp 0x11 got 0xxx
  T3.1.4 lane 16 (masked): exp 0x77 got 0xxx
  T3.1.4 lane 17 (unmasked): exp 0x11 got 0xxx
  T3.1.4 lane 18 (masked): exp 0x77 got 0xxx
  T3.1.4 lane 19 (unmasked): exp 0x11 got 0xxx
[FAIL] T3.1.4 Lane mask partial update
  T3.1.5 addr 1 lane 0: exp 1 got 0
  T3.1.5 addr 1 lane 1: exp 2 got 1
  T3.1.5 addr 1 lane 2: exp 3 got 2
  T3.1.5 addr 1 lane 3: exp 4 got 3
  T3.1.5 addr 1 lane 4: exp 5 got 4
  T3.1.5 addr 1 lane 5: exp 6 got 5
  T3.1.5 addr 1 lane 6: exp 7 got 6
  T3.1.5 addr 1 lane 7: exp 8 got 7
  T3.1.5 addr 1 lane 8: exp 9 got 8
  T3.1.5 addr 1 lane 9: exp 10 got 9
  T3.1.5 addr 1 lane 10: exp 11 got 10
  T3.1.5 addr 1 lane 11: exp 12 got 11
  T3.1.5 addr 1 lane 12: exp 13 got 12
  T3.1.5 addr 1 lane 13: exp 14 got 13
  T3.1.5 addr 1 lane 14: exp 15 got 14
  T3.1.5 addr 1 lane 15: exp 16 got 15
  T3.1.5 addr 1 lane 16: exp 17 got 16
  T3.1.5 addr 1 lane 17: exp 18 got 17
  T3.1.5 addr 1 lane 18: exp 19 got 18
  T3.1.5 addr 1 lane 19: exp 20 got 19
  T3.1.5 total errors: 40940 / 40960
[FAIL] T3.1.5 Address sweep (2048 addrs)

==============================================================
  tb_glb_input_bank_db — 1/5 tests PASSED
  >>> 4 TEST(S) FAILED <<<
==============================================================
$finish called at time : 33022 ns : File "E:/FINAL_HMH_KLTN_10_HMH/HMH_KLTN_10_KAITOKID/HW_KLTN_10/stage_3_memory/tb/tb_glb_input_bank_db.sv" Line 363
exit
INFO: [Common 17-206] Exiting xsim at Fri Apr  3 14:08:00 2026...
