#-----------------------------------------------------------
# xsim v2022.2 (64-bit)
# SW Build 3671981 on Fri Oct 14 05:00:03 MDT 2022
# IP Build 3669848 on Fri Oct 14 08:30:02 MDT 2022
# Start of session at: Fri Apr  3 14:14:48 2026
# Process ID: 26928
# Current directory: E:/FINAL_HMH_KLTN_10_HMH/HMH_KLTN_10_KAITOKID/HW_KLTN_10/stage_4_addr_gen
# Command line: xsim.exe -log sim_ago.log -mode tcl -source {xsim.dir/sim_ago/xsim_script.tcl}
# Log file: E:/FINAL_HMH_KLTN_10_HMH/HMH_KLTN_10_KAITOKID/HW_KLTN_10/stage_4_addr_gen/sim_ago.log
# Journal file: E:/FINAL_HMH_KLTN_10_HMH/HMH_KLTN_10_KAITOKID/HW_KLTN_10/stage_4_addr_gen\xsim.jou
# Running On: DESKTOP-BIO81U9, OS: Windows, CPU Frequency: 2592 MHz, CPU Physical cores: 6, Host memory: 8403 MB
#-----------------------------------------------------------
source xsim.dir/sim_ago/xsim_script.tcl
# xsim {sim_ago} -autoloadwcfg -runall
Time resolution is 1 ps
run -all
===========================================================
 tb_addr_gen_output — START
===========================================================

--- T4.3.1: Bank mapping ---

--- T4.3.2: Address calculation ---

===========================================================
 tb_addr_gen_output — RESULTS
   Total : 40
   PASS  : 40
   FAIL  : 0
   >>> ALL TESTS PASSED <<<
===========================================================
$finish called at time : 99 ns : File "E:/FINAL_HMH_KLTN_10_HMH/HMH_KLTN_10_KAITOKID/HW_KLTN_10/stage_4_addr_gen/tb/tb_addr_gen_output.sv" Line 281
exit
INFO: [Common 17-206] Exiting xsim at Fri Apr  3 14:14:50 2026...
