#-----------------------------------------------------------
# xsim v2022.2 (64-bit)
# SW Build 3671981 on Fri Oct 14 05:00:03 MDT 2022
# IP Build 3669848 on Fri Oct 14 08:30:02 MDT 2022
# Start of session at: Fri Apr  3 14:14:32 2026
# Process ID: 13020
# Current directory: E:/FINAL_HMH_KLTN_10_HMH/HMH_KLTN_10_KAITOKID/HW_KLTN_10/stage_4_addr_gen
# Command line: xsim.exe -log sim_agi.log -mode tcl -source {xsim.dir/sim_agi/xsim_script.tcl}
# Log file: E:/FINAL_HMH_KLTN_10_HMH/HMH_KLTN_10_KAITOKID/HW_KLTN_10/stage_4_addr_gen/sim_agi.log
# Journal file: E:/FINAL_HMH_KLTN_10_HMH/HMH_KLTN_10_KAITOKID/HW_KLTN_10/stage_4_addr_gen\xsim.jou
# Running On: DESKTOP-BIO81U9, OS: Windows, CPU Frequency: 2592 MHz, CPU Physical cores: 6, Host memory: 8403 MB
#-----------------------------------------------------------
source xsim.dir/sim_agi/xsim_script.tcl
# xsim {sim_agi} -autoloadwcfg -runall
Time resolution is 1 ps
run -all
===========================================================
 tb_addr_gen_input — START
===========================================================

--- T4.1.1: Banking pattern ---

--- T4.1.2: Padding detection ---

--- T4.1.3: L0 config sweep ---

===========================================================
 tb_addr_gen_input — RESULTS
   Total : 27
   PASS  : 27
   FAIL  : 0
   >>> ALL TESTS PASSED <<<
===========================================================
$finish called at time : 203 ns : File "E:/FINAL_HMH_KLTN_10_HMH/HMH_KLTN_10_KAITOKID/HW_KLTN_10/stage_4_addr_gen/tb/tb_addr_gen_input.sv" Line 259
exit
INFO: [Common 17-206] Exiting xsim at Fri Apr  3 14:14:34 2026...
