#-----------------------------------------------------------
# xsim v2022.2 (64-bit)
# SW Build 3671981 on Fri Oct 14 05:00:03 MDT 2022
# IP Build 3669848 on Fri Oct 14 08:30:02 MDT 2022
# Start of session at: Fri Apr  3 14:14:40 2026
# Process ID: 9188
# Current directory: E:/FINAL_HMH_KLTN_10_HMH/HMH_KLTN_10_KAITOKID/HW_KLTN_10/stage_4_addr_gen
# Command line: xsim.exe -log sim_agw.log -mode tcl -source {xsim.dir/sim_agw/xsim_script.tcl}
# Log file: E:/FINAL_HMH_KLTN_10_HMH/HMH_KLTN_10_KAITOKID/HW_KLTN_10/stage_4_addr_gen/sim_agw.log
# Journal file: E:/FINAL_HMH_KLTN_10_HMH/HMH_KLTN_10_KAITOKID/HW_KLTN_10/stage_4_addr_gen\xsim.jou
# Running On: DESKTOP-BIO81U9, OS: Windows, CPU Frequency: 2592 MHz, CPU Physical cores: 6, Host memory: 8403 MB
#-----------------------------------------------------------
source xsim.dir/sim_agw/xsim_script.tcl
# xsim {sim_agw} -autoloadwcfg -runall
Time resolution is 1 ps
run -all
===========================================================
 tb_addr_gen_weight — START
===========================================================

--- T4.2.1: PE_RS3 — 4 different cout addresses ---

--- T4.2.2: PE_OS1 — 4 different cout addresses ---

--- T4.2.3: PE_DW3 — 4 different CHANNEL addresses ---

--- T4.2.4: Full L0 weight sweep ---
[INFO] T4.2.4: All 144 address checks passed

===========================================================
 tb_addr_gen_weight — RESULTS
   Total : 172
   PASS  : 172
   FAIL  : 0
   >>> ALL TESTS PASSED <<<
===========================================================
$finish called at time : 355 ns : File "E:/FINAL_HMH_KLTN_10_HMH/HMH_KLTN_10_KAITOKID/HW_KLTN_10/stage_4_addr_gen/tb/tb_addr_gen_weight.sv" Line 293
exit
INFO: [Common 17-206] Exiting xsim at Fri Apr  3 14:14:42 2026...
