#-----------------------------------------------------------
# xsim v2022.2 (64-bit)
# SW Build 3671981 on Fri Oct 14 05:00:03 MDT 2022
# IP Build 3669848 on Fri Oct 14 08:30:02 MDT 2022
# Start of session at: Fri Apr  3 14:06:41 2026
# Process ID: 12640
# Current directory: E:/FINAL_HMH_KLTN_10_HMH/HMH_KLTN_10_KAITOKID/HW_KLTN_10/stage_1_compute
# Command line: xsim.exe -log sim_pe.log -mode tcl -source {xsim.dir/sim_pe/xsim_script.tcl}
# Log file: E:/FINAL_HMH_KLTN_10_HMH/HMH_KLTN_10_KAITOKID/HW_KLTN_10/stage_1_compute/sim_pe.log
# Journal file: E:/FINAL_HMH_KLTN_10_HMH/HMH_KLTN_10_KAITOKID/HW_KLTN_10/stage_1_compute\xsim.jou
# Running On: DESKTOP-BIO81U9, OS: Windows, CPU Frequency: 2592 MHz, CPU Physical cores: 6, Host memory: 8403 MB
#-----------------------------------------------------------
source xsim.dir/sim_pe/xsim_script.tcl
# xsim {sim_pe} -autoloadwcfg -runall
Time resolution is 1 ps
run -all
══════════════════════════════════════════════════════════
 TB: pe_unit — V4 (LANES=20, 5-stage, 250 MHz)
══════════════════════════════════════════════════════════

── TEST 1: PE_RS3 (9-cycle, per-lane) ──
  TEST 1 PASS (0 lane errors)

── TEST 2: PE_OS1 (broadcast weight) ──
  TEST 2 PASS (0 lane errors)

── TEST 3: PE_DW3 (per-channel, 3 cycles) ──
  TEST 3 PASS (0 lane errors)

── TEST 4: Enable Gating ──
  TEST 4 PASS

── TEST 5: Clear + Immediate Start ──
  TEST 5 PASS

══════════════════════════════════════════════════════════
 FINAL: 5 tests, 0 errors
 ★★★ ALL PASS — pe_unit VERIFIED ★★★
══════════════════════════════════════════════════════════

$finish called at time : 638 ns : File "E:/FINAL_HMH_KLTN_10_HMH/HMH_KLTN_10_KAITOKID/HW_KLTN_10/stage_1_compute/tb/tb_pe_unit.sv" Line 326
exit
INFO: [Common 17-206] Exiting xsim at Fri Apr  3 14:06:42 2026...
