#-----------------------------------------------------------
# xsim v2022.2 (64-bit)
# SW Build 3671981 on Fri Oct 14 05:00:03 MDT 2022
# IP Build 3669848 on Fri Oct 14 08:30:02 MDT 2022
# Start of session at: Fri Apr  3 14:06:49 2026
# Process ID: 27884
# Current directory: E:/FINAL_HMH_KLTN_10_HMH/HMH_KLTN_10_KAITOKID/HW_KLTN_10/stage_1_compute
# Command line: xsim.exe -log sim_col.log -mode tcl -source {xsim.dir/sim_col/xsim_script.tcl}
# Log file: E:/FINAL_HMH_KLTN_10_HMH/HMH_KLTN_10_KAITOKID/HW_KLTN_10/stage_1_compute/sim_col.log
# Journal file: E:/FINAL_HMH_KLTN_10_HMH/HMH_KLTN_10_KAITOKID/HW_KLTN_10/stage_1_compute\xsim.jou
# Running On: DESKTOP-BIO81U9, OS: Windows, CPU Frequency: 2592 MHz, CPU Physical cores: 6, Host memory: 8403 MB
#-----------------------------------------------------------
source xsim.dir/sim_col/xsim_script.tcl
# xsim {sim_col} -autoloadwcfg -runall
Time resolution is 1 ps
run -all
══════════════════════════════════════════════════════════
 TB: column_reduce — V4 (3×4×20, 1-cycle latency)
══════════════════════════════════════════════════════════

── TEST 1: Known Values ──
  TEST 1 PASS (0 errors)

── TEST 2: Cancellation ──
  TEST 2 PASS

── TEST 3: Random 200 Vectors ──
  TEST 3 PASS (0 errors in 200 vectors)

── TEST 4: valid_out Timing ──
  TEST 4 PASS

══════════════════════════════════════════════════════════
 FINAL: 203 tests, 0 errors
 ★★★ ALL PASS — column_reduce VERIFIED ★★★
══════════════════════════════════════════════════════════

$finish called at time : 8118 ns : File "E:/FINAL_HMH_KLTN_10_HMH/HMH_KLTN_10_KAITOKID/HW_KLTN_10/stage_1_compute/tb/tb_column_reduce.sv" Line 190
exit
INFO: [Common 17-206] Exiting xsim at Fri Apr  3 14:06:51 2026...
