#-----------------------------------------------------------
# xsim v2022.2 (64-bit)
# SW Build 3671981 on Fri Oct 14 05:00:03 MDT 2022
# IP Build 3669848 on Fri Oct 14 08:30:02 MDT 2022
# Start of session at: Fri Apr  3 14:06:28 2026
# Process ID: 21888
# Current directory: E:/FINAL_HMH_KLTN_10_HMH/HMH_KLTN_10_KAITOKID/HW_KLTN_10/stage_1_compute
# Command line: xsim.exe -log sim_dsp.log -mode tcl -source {xsim.dir/sim_dsp/xsim_script.tcl}
# Log file: E:/FINAL_HMH_KLTN_10_HMH/HMH_KLTN_10_KAITOKID/HW_KLTN_10/stage_1_compute/sim_dsp.log
# Journal file: E:/FINAL_HMH_KLTN_10_HMH/HMH_KLTN_10_KAITOKID/HW_KLTN_10/stage_1_compute\xsim.jou
# Running On: DESKTOP-BIO81U9, OS: Windows, CPU Frequency: 2592 MHz, CPU Physical cores: 6, Host memory: 8403 MB
#-----------------------------------------------------------
source xsim.dir/sim_dsp/xsim_script.tcl
# xsim {sim_dsp} -autoloadwcfg -runall
Time resolution is 1 ps
run -all
══════════════════════════════════════════════════════════
 TB: dsp_pair_int8 — V4 (5-stage, LANES=20, 250 MHz)
══════════════════════════════════════════════════════════

── TEST 1: Corner Cases ──
  TEST 1 PASS (0 errors)

── TEST 2: Exhaustive 65536 Products ──
  ... row 0/256
  ... row 64/256
  ... row 128/256
  ... row 192/256
  TEST 2 PASS (65536 tests, 0 errors)

── TEST 3: 9-Cycle Accumulation (Conv 3x3) ──
  Golden: psum_a=9730, psum_b=-9730
  TEST 3 PASS

── TEST 4: 49-Cycle Accumulation (DW 7x7) ──
  TEST 4 PASS

── TEST 5: Clear Mid-Accumulation ──
  TEST 5 PASS

── TEST 6: Enable Gating ──
  TEST 6 PASS

── TEST 7: Random Stress (10000 products) ──
  ... iteration 0
  ... iteration 2000
  ... iteration 4000
  ... iteration 6000
  ... iteration 8000
  TEST 7 PASS (10000 tests, 0 errors)

── TEST 8: Random Multi-Cycle Accumulation ──
  TEST 8 PASS (20 sequences, 0 errors)

══════════════════════════════════════════════════════════
 FINAL: 75568 tests, 0 errors
 ★★★ ALL PASS — dsp_pair_int8 VERIFIED ★★★
══════════════════════════════════════════════════════════

$finish called at time : 2420590 ns : File "E:/FINAL_HMH_KLTN_10_HMH/HMH_KLTN_10_KAITOKID/HW_KLTN_10/stage_1_compute/tb/tb_dsp_pair_int8.sv" Line 388
exit
INFO: [Common 17-206] Exiting xsim at Fri Apr  3 14:06:31 2026...
