#-----------------------------------------------------------
# xsim v2022.2 (64-bit)
# SW Build 3671981 on Fri Oct 14 05:00:03 MDT 2022
# IP Build 3669848 on Fri Oct 14 08:30:02 MDT 2022
# Start of session at: Fri Apr  3 14:05:25 2026
# Process ID: 12092
# Current directory: e:/FINAL_HMH_KLTN_10_HMH/HMH_KLTN_10_KAITOKID/HW_KLTN_10/stage_1_compute
# Command line: xsim.exe -mode tcl -source {xsim.dir/sim_comp/xsim_script.tcl}
# Log file: e:/FINAL_HMH_KLTN_10_HMH/HMH_KLTN_10_KAITOKID/HW_KLTN_10/stage_1_compute/xsim.log
# Journal file: e:/FINAL_HMH_KLTN_10_HMH/HMH_KLTN_10_KAITOKID/HW_KLTN_10/stage_1_compute\xsim.jou
# Running On: DESKTOP-BIO81U9, OS: Windows, CPU Frequency: 2592 MHz, CPU Physical cores: 6, Host memory: 8403 MB
#-----------------------------------------------------------
source xsim.dir/sim_comp/xsim_script.tcl
# xsim {sim_comp} -autoloadwcfg -runall
Time resolution is 1 ps
run -all
══════════════════════════════════════════════════════════
 TB: comparator_tree — V4 (25→1 max, 5-stage, LANES=20)
══════════════════════════════════════════════════════════

── TEST 1: All Same Value ──
  TEST 1 PASS (0 errors)

── TEST 2: Single Max at Each Position ──
  TEST 2 PASS (tested 25 positions, 0 errors)

── TEST 3: Ascending Gradient (max=24 at all lanes) ──
  TEST 3 PASS

── TEST 4: Per-Lane Independence ──
  TEST 4 PASS

── TEST 5: Signed Boundary (negative range) ──
  TEST 5 PASS

── TEST 6: Random Stress (500 windows) ──
  TEST 6 PASS (500 windows, 0 errors)

── TEST 7: Pipeline Timing ──
  TEST 7 PASS (latency=6 cycles)

══════════════════════════════════════════════════════════
 FINAL: 532 tests, 0 errors
 ★★★ ALL PASS — comparator_tree VERIFIED ★★★
══════════════════════════════════════════════════════════

$finish called at time : 31914 ns : File "e:/FINAL_HMH_KLTN_10_HMH/HMH_KLTN_10_KAITOKID/HW_KLTN_10/stage_1_compute/tb/tb_comparator_tree.sv" Line 287
exit
INFO: [Common 17-206] Exiting xsim at Fri Apr  3 14:05:27 2026...
