#-----------------------------------------------------------
# xsim v2022.2 (64-bit)
# SW Build 3671981 on Fri Oct 14 05:00:03 MDT 2022
# IP Build 3669848 on Fri Oct 14 08:30:02 MDT 2022
# Start of session at: Fri Apr  3 14:54:25 2026
# Process ID: 27864
# Current directory: E:/FINAL_HMH_KLTN_10_HMH/HMH_KLTN_10_KAITOKID/HW_KLTN_10/stage_6_control
# Command line: xsim.exe -log sim_srf.log -mode tcl -source {xsim.dir/sim_srf/xsim_script.tcl}
# Log file: E:/FINAL_HMH_KLTN_10_HMH/HMH_KLTN_10_KAITOKID/HW_KLTN_10/stage_6_control/sim_srf.log
# Journal file: E:/FINAL_HMH_KLTN_10_HMH/HMH_KLTN_10_KAITOKID/HW_KLTN_10/stage_6_control\xsim.jou
# Running On: DESKTOP-BIO81U9, OS: Windows, CPU Frequency: 2592 MHz, CPU Physical cores: 6, Host memory: 8403 MB
#-----------------------------------------------------------
source xsim.dir/sim_srf/xsim_script.tcl
# xsim {sim_srf} -autoloadwcfg -runall
Time resolution is 1 ps
run -all
========================================
 tb_shadow_reg_file — Stage 6 Control
========================================

===== T6.2.1: Latch config =====
[PASS] T6.2.1-a pe_mode=PE_DW3
[PASS] T6.2.1-b activation=ACT_RELU
[PASS] T6.2.1-c cin=64
[PASS] T6.2.1-d cout=128
[PASS] T6.2.1-e hin=42
[PASS] T6.2.1-f win=22
[PASS] T6.2.1-g hout=40
[PASS] T6.2.1-h wout=20
[PASS] T6.2.1-i kh=3
[PASS] T6.2.1-j kw=3
[PASS] T6.2.1-k stride=1
[PASS] T6.2.1-l padding=1
[PASS] T6.2.1-m num_cin_pass=2
[PASS] T6.2.1-n num_k_pass=1
[PASS] T6.2.1-o swizzle=UPSAMPLE2X
[PASS] T6.2.1-p zp_x=0 (default)
[PASS] T6.2.1-q tile_id=0xBEEF
[PASS] T6.2.1-r layer_id=7
[PASS] T6.2.1-s first_tile=1
[PASS] T6.2.1-t last_tile=0
[PASS] T6.2.1-u hold_skip=1
[PASS] T6.2.1-v need_swizzle=1

===== T6.2.2: Stability after latch =====
[PASS] T6.2.2-a initial pe_mode=PE_RS3
[PASS] T6.2.2-b initial cin=16
[PASS] T6.2.2-c pe_mode stable (PE_RS3)
[PASS] T6.2.2-d cin stable (16)
[PASS] T6.2.2-e cout stable (32)
[PASS] T6.2.2-f kw stable (3)
[PASS] T6.2.2-g tile_id stable (0xAAAA)
[PASS] T6.2.2-h pe_mode updated (PE_OS1)
[PASS] T6.2.2-i cin updated (99)
[PASS] T6.2.2-j cout updated (255)
[PASS] T6.2.2-k kw updated (1)
[PASS] T6.2.2-l tile_id updated (0x5555)

========================================
 SUMMARY: 34 tests, 34 PASS, 0 FAIL
 >>> ALL TESTS PASSED <<<
========================================
$finish called at time : 114 ns : File "E:/FINAL_HMH_KLTN_10_HMH/HMH_KLTN_10_KAITOKID/HW_KLTN_10/stage_6_control/tb/tb_shadow_reg_file.sv" Line 256
exit
INFO: [Common 17-206] Exiting xsim at Fri Apr  3 14:54:27 2026...
